
3월 28, 2020 14:09:07.62 NEW SESSION
3월 28, 2020 14:09:07.62 [10344:17320:0328/140907.618:ERROR:connection_factory_impl.cc(420)] Failed to connect to MCS endpoint with error -118
3월 28, 2020 15:37:09.27 
3월 28, 2020 15:37:09.28 KLIB_SelfTest return : KLR_OK
3월 28, 2020 15:37:43.54 [20076:14120:0328/153743.542:ERROR:connection_factory_impl.cc(420)] Failed to connect to MCS endpoint with error -118
3월 28, 2020 15:40:41.24 
3월 28, 2020 15:40:41.25 KLIB_SelfTest return : KLR_OK
3월 28, 2020 15:41:53.80 [16556:9916:0328/154153.804:ERROR:connection_factory_impl.cc(420)] Failed to connect to MCS endpoint with error -118
3월 28, 2020 16:08:16.27 
3월 28, 2020 16:08:16.27 KLIB_SelfTest return : KLR_OK
3월 28, 2020 16:30:45.33 [14692:14068:0328/163045.330:ERROR:connection_factory_impl.cc(420)] Failed to connect to MCS endpoint with error -118
3월 28, 2020 16:39:16.20 
3월 28, 2020 16:39:16.20 KLIB_SelfTest return : KLR_OK
3월 28, 2020 16:40:00.06 [22952:11920:0328/164000.061:ERROR:connection_factory_impl.cc(420)] Failed to connect to MCS endpoint with error -118
3월 28, 2020 16:44:07.73 
3월 28, 2020 16:44:07.73 KLIB_SelfTest return : KLR_OK
3월 28, 2020 16:44:49.06 [11768:12228:0328/164449.067:ERROR:connection_factory_impl.cc(420)] Failed to connect to MCS endpoint with error -118
3월 28, 2020 16:46:39.20 [11768:22236:0328/164639.200:ERROR:CONSOLE(0)] "TypeError: Cannot read property 'setText' of null", source:  (0)
3월 28, 2020 16:46:39.74 [11768:22236:0328/164639.749:ERROR:CONSOLE(0)] "TypeError: Cannot read property 'setText' of null", source:  (0)
3월 28, 2020 16:46:40.25 [11768:22236:0328/164640.257:ERROR:CONSOLE(214)] "Uncaught TypeError: Cannot read property 'index' of null", source: devtools://devtools/bundled/elements/StylesSidebarPane.js (214)
3월 28, 2020 16:46:40.59 [11768:22236:0328/164640.595:ERROR:CONSOLE(69)] "Uncaught TypeError: Cannot read property 'disabled' of null", source: devtools://devtools/bundled/elements/StylePropertyTreeElement.js (69)
3월 28, 2020 16:46:40.83 [11768:22236:0328/164640.837:ERROR:CONSOLE(99)] "Uncaught TypeError: Cannot read property 'propertyText' of null", source: devtools://devtools/bundled/elements/StylePropertyTreeElement.js (99)
3월 28, 2020 16:46:41.89 [11768:22236:0328/164641.893:ERROR:CONSOLE(99)] "Uncaught TypeError: Cannot read property 'propertyText' of null", source: devtools://devtools/bundled/elements/StylePropertyTreeElement.js (99)
3월 28, 2020 16:46:47.09 [11768:22236:0328/164647.095:ERROR:CONSOLE(214)] "Uncaught TypeError: Cannot read property 'index' of null", source: devtools://devtools/bundled/elements/StylesSidebarPane.js (214)
3월 28, 2020 16:46:47.44 [11768:22236:0328/164647.447:ERROR:CONSOLE(214)] "Uncaught TypeError: Cannot read property 'index' of null", source: devtools://devtools/bundled/elements/StylesSidebarPane.js (214)
3월 28, 2020 16:46:47.79 [11768:22236:0328/164647.790:ERROR:CONSOLE(99)] "Uncaught TypeError: Cannot read property 'propertyText' of null", source: devtools://devtools/bundled/elements/StylePropertyTreeElement.js (99)
3월 28, 2020 16:46:51.44 [11768:22236:0328/164651.444:ERROR:CONSOLE(0)] "TypeError: Cannot read property 'ownerStyle' of null", source:  (0)
3월 28, 2020 16:46:52.40 [11768:22236:0328/164652.408:ERROR:CONSOLE(0)] "TypeError: Cannot read property 'ownerStyle' of null", source:  (0)
3월 28, 2020 16:46:52.88 [11768:22236:0328/164652.887:ERROR:CONSOLE(0)] "TypeError: Cannot read property 'ownerStyle' of null", source:  (0)
3월 28, 2020 16:46:53.10 [11768:22236:0328/164653.105:ERROR:CONSOLE(0)] "TypeError: Cannot read property 'ownerStyle' of null", source:  (0)
3월 28, 2020 16:46:53.30 [11768:22236:0328/164653.305:ERROR:CONSOLE(0)] "TypeError: Cannot read property 'ownerStyle' of null", source:  (0)
3월 28, 2020 16:46:53.53 [11768:22236:0328/164653.531:ERROR:CONSOLE(0)] "TypeError: Cannot read property 'ownerStyle' of null", source:  (0)
3월 28, 2020 16:46:53.86 [11768:22236:0328/164653.860:ERROR:CONSOLE(0)] "TypeError: Cannot read property 'ownerStyle' of null", source:  (0)
3월 28, 2020 16:46:54.09 [11768:22236:0328/164654.098:ERROR:CONSOLE(0)] "TypeError: Cannot read property 'ownerStyle' of null", source:  (0)
3월 28, 2020 16:46:54.54 [11768:22236:0328/164654.545:ERROR:CONSOLE(0)] "TypeError: Cannot read property 'ownerStyle' of null", source:  (0)
3월 28, 2020 16:46:55.00 [11768:22236:0328/164655.003:ERROR:CONSOLE(0)] "TypeError: Cannot read property 'ownerStyle' of null", source:  (0)
3월 28, 2020 16:46:55.42 [11768:22236:0328/164655.423:ERROR:CONSOLE(0)] "TypeError: Cannot read property 'ownerStyle' of null", source:  (0)
3월 28, 2020 16:46:55.82 [11768:22236:0328/164655.822:ERROR:CONSOLE(0)] "TypeError: Cannot read property 'ownerStyle' of null", source:  (0)
3월 28, 2020 16:46:55.94 [11768:22236:0328/164655.940:ERROR:CONSOLE(0)] "TypeError: Cannot read property 'ownerStyle' of null", source:  (0)
3월 28, 2020 16:46:56.64 [11768:22236:0328/164656.649:ERROR:CONSOLE(0)] "TypeError: Cannot read property 'ownerStyle' of null", source:  (0)
3월 28, 2020 16:46:56.87 [11768:22236:0328/164656.876:ERROR:CONSOLE(0)] "TypeError: Cannot read property 'ownerStyle' of null", source:  (0)
3월 28, 2020 16:46:57.23 [11768:22236:0328/164657.231:ERROR:CONSOLE(0)] "TypeError: Cannot read property 'ownerStyle' of null", source:  (0)
3월 28, 2020 16:46:57.61 [11768:22236:0328/164657.617:ERROR:CONSOLE(0)] "TypeError: Cannot read property 'ownerStyle' of null", source:  (0)
3월 28, 2020 16:46:57.96 [11768:22236:0328/164657.964:ERROR:CONSOLE(0)] "TypeError: Cannot read property 'ownerStyle' of null", source:  (0)
3월 28, 2020 16:46:58.57 [11768:22236:0328/164658.571:ERROR:CONSOLE(0)] "TypeError: Cannot read property 'ownerStyle' of null", source:  (0)
3월 28, 2020 16:46:59.13 [11768:22236:0328/164659.139:ERROR:CONSOLE(0)] "TypeError: Cannot read property 'ownerStyle' of null", source:  (0)
3월 28, 2020 16:46:59.83 [11768:22236:0328/164659.837:ERROR:CONSOLE(0)] "TypeError: Cannot read property 'ownerStyle' of null", source:  (0)
3월 28, 2020 16:47:00.38 [11768:22236:0328/164700.384:ERROR:CONSOLE(0)] "TypeError: Cannot read property 'ownerStyle' of null", source:  (0)
3월 28, 2020 16:47:00.89 [11768:22236:0328/164700.895:ERROR:CONSOLE(0)] "TypeError: Cannot read property 'ownerStyle' of null", source:  (0)
3월 28, 2020 16:47:01.32 [11768:22236:0328/164701.325:ERROR:CONSOLE(0)] "TypeError: Cannot read property 'ownerStyle' of null", source:  (0)
3월 28, 2020 16:47:01.82 [11768:22236:0328/164701.825:ERROR:CONSOLE(0)] "TypeError: Cannot read property 'ownerStyle' of null", source:  (0)
3월 28, 2020 16:47:02.24 [11768:22236:0328/164702.249:ERROR:CONSOLE(0)] "TypeError: Cannot read property 'ownerStyle' of null", source:  (0)
3월 28, 2020 16:47:02.70 [11768:22236:0328/164702.705:ERROR:CONSOLE(0)] "TypeError: Cannot read property 'ownerStyle' of null", source:  (0)
3월 28, 2020 16:47:03.08 [11768:22236:0328/164703.081:ERROR:CONSOLE(0)] "TypeError: Cannot read property 'ownerStyle' of null", source:  (0)
3월 28, 2020 16:47:03.41 [11768:22236:0328/164703.413:ERROR:CONSOLE(0)] "TypeError: Cannot read property 'ownerStyle' of null", source:  (0)
3월 28, 2020 16:47:03.69 [11768:22236:0328/164703.691:ERROR:CONSOLE(0)] "TypeError: Cannot read property 'ownerStyle' of null", source:  (0)
3월 28, 2020 16:47:03.96 [11768:22236:0328/164703.968:ERROR:CONSOLE(0)] "TypeError: Cannot read property 'ownerStyle' of null", source:  (0)
3월 28, 2020 16:47:04.30 [11768:22236:0328/164704.304:ERROR:CONSOLE(0)] "TypeError: Cannot read property 'ownerStyle' of null", source:  (0)
3월 28, 2020 16:47:04.62 [11768:22236:0328/164704.620:ERROR:CONSOLE(0)] "TypeError: Cannot read property 'ownerStyle' of null", source:  (0)
3월 28, 2020 16:47:04.89 [11768:22236:0328/164704.896:ERROR:CONSOLE(0)] "TypeError: Cannot read property 'ownerStyle' of null", source:  (0)
3월 28, 2020 16:47:05.05 [11768:22236:0328/164705.058:ERROR:CONSOLE(0)] "TypeError: Cannot read property 'ownerStyle' of null", source:  (0)
3월 28, 2020 16:47:05.22 [11768:22236:0328/164705.227:ERROR:CONSOLE(0)] "TypeError: Cannot read property 'ownerStyle' of null", source:  (0)
3월 28, 2020 16:47:05.45 [11768:22236:0328/164705.452:ERROR:CONSOLE(0)] "TypeError: Cannot read property 'ownerStyle' of null", source:  (0)
3월 28, 2020 16:47:05.56 [11768:22236:0328/164705.567:ERROR:CONSOLE(0)] "TypeError: Cannot read property 'ownerStyle' of null", source:  (0)
3월 28, 2020 16:47:05.71 [11768:22236:0328/164705.712:ERROR:CONSOLE(0)] "TypeError: Cannot read property 'ownerStyle' of null", source:  (0)
3월 28, 2020 16:47:05.88 [11768:22236:0328/164705.887:ERROR:CONSOLE(0)] "TypeError: Cannot read property 'ownerStyle' of null", source:  (0)
3월 28, 2020 16:47:06.09 [11768:22236:0328/164706.094:ERROR:CONSOLE(0)] "TypeError: Cannot read property 'ownerStyle' of null", source:  (0)
3월 28, 2020 16:47:06.40 [11768:22236:0328/164706.406:ERROR:CONSOLE(0)] "TypeError: Cannot read property 'ownerStyle' of null", source:  (0)
3월 28, 2020 16:47:06.60 [11768:22236:0328/164706.599:ERROR:CONSOLE(0)] "TypeError: Cannot read property 'ownerStyle' of null", source:  (0)
3월 28, 2020 16:47:08.39 [11768:22236:0328/164708.390:ERROR:CONSOLE(0)] "TypeError: Cannot read property 'ownerStyle' of null", source:  (0)
3월 28, 2020 16:47:08.66 [11768:22236:0328/164708.666:ERROR:CONSOLE(0)] "TypeError: Cannot read property 'ownerStyle' of null", source:  (0)
3월 28, 2020 16:47:08.90 [11768:22236:0328/164708.909:ERROR:CONSOLE(0)] "TypeError: Cannot read property 'ownerStyle' of null", source:  (0)
3월 28, 2020 16:47:09.12 [11768:22236:0328/164709.128:ERROR:CONSOLE(0)] "TypeError: Cannot read property 'ownerStyle' of null", source:  (0)
3월 28, 2020 16:47:09.48 [11768:22236:0328/164709.489:ERROR:CONSOLE(0)] "TypeError: Cannot read property 'ownerStyle' of null", source:  (0)
3월 28, 2020 16:47:09.68 [11768:22236:0328/164709.686:ERROR:CONSOLE(0)] "TypeError: Cannot read property 'ownerStyle' of null", source:  (0)
3월 28, 2020 16:47:10.05 [11768:22236:0328/164710.052:ERROR:CONSOLE(0)] "TypeError: Cannot read property 'ownerStyle' of null", source:  (0)
3월 28, 2020 16:47:10.38 [11768:22236:0328/164710.389:ERROR:CONSOLE(0)] "TypeError: Cannot read property 'ownerStyle' of null", source:  (0)
3월 28, 2020 16:47:10.65 [11768:22236:0328/164710.654:ERROR:CONSOLE(0)] "TypeError: Cannot read property 'ownerStyle' of null", source:  (0)
3월 28, 2020 16:47:10.88 [11768:22236:0328/164710.884:ERROR:CONSOLE(0)] "TypeError: Cannot read property 'ownerStyle' of null", source:  (0)
3월 28, 2020 16:47:11.07 [11768:22236:0328/164711.073:ERROR:CONSOLE(0)] "TypeError: Cannot read property 'ownerStyle' of null", source:  (0)
3월 28, 2020 16:47:11.33 [11768:22236:0328/164711.333:ERROR:CONSOLE(0)] "TypeError: Cannot read property 'ownerStyle' of null", source:  (0)
3월 28, 2020 16:47:11.78 [11768:22236:0328/164711.784:ERROR:CONSOLE(0)] "TypeError: Cannot read property 'ownerStyle' of null", source:  (0)
3월 28, 2020 16:47:11.96 [11768:22236:0328/164711.962:ERROR:CONSOLE(0)] "TypeError: Cannot read property 'ownerStyle' of null", source:  (0)
3월 28, 2020 16:47:12.16 [11768:22236:0328/164712.167:ERROR:CONSOLE(0)] "TypeError: Cannot read property 'ownerStyle' of null", source:  (0)
3월 28, 2020 16:47:12.33 [11768:22236:0328/164712.338:ERROR:CONSOLE(0)] "TypeError: Cannot read property 'ownerStyle' of null", source:  (0)
3월 28, 2020 16:47:12.52 [11768:22236:0328/164712.527:ERROR:CONSOLE(0)] "TypeError: Cannot read property 'ownerStyle' of null", source:  (0)
3월 28, 2020 16:47:12.65 [11768:22236:0328/164712.650:ERROR:CONSOLE(0)] "TypeError: Cannot read property 'ownerStyle' of null", source:  (0)
3월 28, 2020 16:47:12.79 [11768:22236:0328/164712.791:ERROR:CONSOLE(0)] "TypeError: Cannot read property 'ownerStyle' of null", source:  (0)
3월 28, 2020 16:47:13.01 [11768:22236:0328/164713.016:ERROR:CONSOLE(0)] "TypeError: Cannot read property 'ownerStyle' of null", source:  (0)
3월 28, 2020 16:47:13.35 [11768:22236:0328/164713.351:ERROR:CONSOLE(0)] "TypeError: Cannot read property 'ownerStyle' of null", source:  (0)
3월 28, 2020 16:47:13.77 [11768:22236:0328/164713.770:ERROR:CONSOLE(0)] "TypeError: Cannot read property 'ownerStyle' of null", source:  (0)
3월 28, 2020 16:47:14.05 [11768:22236:0328/164714.058:ERROR:CONSOLE(0)] "TypeError: Cannot read property 'ownerStyle' of null", source:  (0)
3월 28, 2020 16:47:14.33 [11768:22236:0328/164714.338:ERROR:CONSOLE(0)] "TypeError: Cannot read property 'ownerStyle' of null", source:  (0)
3월 28, 2020 16:47:14.56 [11768:22236:0328/164714.563:ERROR:CONSOLE(0)] "TypeError: Cannot read property 'ownerStyle' of null", source:  (0)
3월 28, 2020 16:47:14.82 [11768:22236:0328/164714.827:ERROR:CONSOLE(0)] "TypeError: Cannot read property 'ownerStyle' of null", source:  (0)
3월 28, 2020 16:47:15.16 [11768:22236:0328/164715.168:ERROR:CONSOLE(0)] "TypeError: Cannot read property 'ownerStyle' of null", source:  (0)
3월 28, 2020 16:47:15.41 [11768:22236:0328/164715.409:ERROR:CONSOLE(0)] "TypeError: Cannot read property 'ownerStyle' of null", source:  (0)
3월 28, 2020 16:47:15.61 [11768:22236:0328/164715.614:ERROR:CONSOLE(0)] "TypeError: Cannot read property 'ownerStyle' of null", source:  (0)
3월 28, 2020 16:47:16.09 [11768:22236:0328/164716.090:ERROR:CONSOLE(0)] "TypeError: Cannot read property 'ownerStyle' of null", source:  (0)
3월 28, 2020 16:47:16.24 [11768:22236:0328/164716.240:ERROR:CONSOLE(0)] "TypeError: Cannot read property 'ownerStyle' of null", source:  (0)
3월 28, 2020 16:47:16.44 [11768:22236:0328/164716.447:ERROR:CONSOLE(0)] "TypeError: Cannot read property 'ownerStyle' of null", source:  (0)
3월 28, 2020 16:47:16.57 [11768:22236:0328/164716.578:ERROR:CONSOLE(0)] "TypeError: Cannot read property 'ownerStyle' of null", source:  (0)
3월 28, 2020 16:47:16.68 [11768:22236:0328/164716.682:ERROR:CONSOLE(0)] "TypeError: Cannot read property 'ownerStyle' of null", source:  (0)
3월 28, 2020 16:47:28.52 [11768:22236:0328/164728.525:ERROR:CONSOLE(0)] "TypeError: Cannot read property 'ownerStyle' of null", source:  (0)
3월 28, 2020 16:47:28.72 [11768:22236:0328/164728.727:ERROR:CONSOLE(0)] "TypeError: Cannot read property 'ownerStyle' of null", source:  (0)
3월 28, 2020 16:47:33.69 [11768:22236:0328/164733.696:ERROR:CONSOLE(58)] "Uncaught (in promise) TypeError: Cannot read property 'ownerStyle' of null", source: devtools://devtools/bundled/elements/StylePropertyTreeElement.js (58)
3월 28, 2020 16:47:34.32 [11768:22236:0328/164734.320:ERROR:CONSOLE(58)] "Uncaught (in promise) TypeError: Cannot read property 'ownerStyle' of null", source: devtools://devtools/bundled/elements/StylePropertyTreeElement.js (58)
3월 28, 2020 16:47:35.48 [11768:22236:0328/164735.488:ERROR:CONSOLE(58)] "Uncaught (in promise) TypeError: Cannot read property 'ownerStyle' of null", source: devtools://devtools/bundled/elements/StylePropertyTreeElement.js (58)
3월 28, 2020 16:47:35.91 [11768:22236:0328/164735.914:ERROR:CONSOLE(58)] "Uncaught (in promise) TypeError: Cannot read property 'ownerStyle' of null", source: devtools://devtools/bundled/elements/StylePropertyTreeElement.js (58)
3월 28, 2020 16:47:36.68 [11768:22236:0328/164736.682:ERROR:CONSOLE(0)] "TypeError: Cannot read property 'ownerStyle' of null", source:  (0)
3월 28, 2020 16:47:39.17 [11768:22236:0328/164739.178:ERROR:CONSOLE(214)] "Uncaught TypeError: Cannot read property 'index' of null", source: devtools://devtools/bundled/elements/StylesSidebarPane.js (214)
3월 28, 2020 16:47:43.71 [11768:22236:0328/164743.714:ERROR:CONSOLE(0)] "TypeError: Cannot read property 'ownerStyle' of null", source:  (0)
3월 28, 2020 16:47:43.81 [11768:22236:0328/164743.816:ERROR:CONSOLE(0)] "TypeError: Cannot read property 'ownerStyle' of null", source:  (0)
3월 28, 2020 16:47:43.99 [11768:22236:0328/164743.996:ERROR:CONSOLE(0)] "TypeError: Cannot read property 'ownerStyle' of null", source:  (0)
3월 28, 2020 16:47:44.12 [11768:22236:0328/164744.123:ERROR:CONSOLE(0)] "TypeError: Cannot read property 'ownerStyle' of null", source:  (0)
3월 28, 2020 16:47:44.24 [11768:22236:0328/164744.248:ERROR:CONSOLE(0)] "TypeError: Cannot read property 'ownerStyle' of null", source:  (0)
3월 28, 2020 16:47:44.37 [11768:22236:0328/164744.378:ERROR:CONSOLE(0)] "TypeError: Cannot read property 'ownerStyle' of null", source:  (0)
3월 28, 2020 16:47:45.65 [11768:22236:0328/164745.658:ERROR:CONSOLE(0)] "TypeError: Cannot read property 'ownerStyle' of null", source:  (0)
3월 28, 2020 16:47:48.73 [11768:22236:0328/164748.731:ERROR:CONSOLE(214)] "Uncaught TypeError: Cannot read property 'index' of null", source: devtools://devtools/bundled/elements/StylesSidebarPane.js (214)
3월 28, 2020 16:47:50.56 [11768:22236:0328/164750.568:ERROR:CONSOLE(0)] "TypeError: Cannot read property 'ownerStyle' of null", source:  (0)
3월 28, 2020 16:47:51.09 [11768:22236:0328/164751.096:ERROR:CONSOLE(0)] "TypeError: Cannot read property 'ownerStyle' of null", source:  (0)
3월 28, 2020 16:47:51.10 [11768:22236:0328/164751.106:ERROR:CONSOLE(0)] "TypeError: Cannot read property 'ownerStyle' of null", source:  (0)
3월 28, 2020 16:47:51.15 [11768:22236:0328/164751.150:ERROR:CONSOLE(0)] "TypeError: Cannot read property 'ownerStyle' of null", source:  (0)
3월 28, 2020 16:47:51.16 [11768:22236:0328/164751.163:ERROR:CONSOLE(0)] "TypeError: Cannot read property 'ownerStyle' of null", source:  (0)
3월 28, 2020 16:47:51.23 [11768:22236:0328/164751.233:ERROR:CONSOLE(0)] "TypeError: Cannot read property 'ownerStyle' of null", source:  (0)
3월 28, 2020 16:47:51.28 [11768:22236:0328/164751.283:ERROR:CONSOLE(0)] "TypeError: Cannot read property 'ownerStyle' of null", source:  (0)
3월 28, 2020 16:47:51.29 [11768:22236:0328/164751.296:ERROR:CONSOLE(0)] "TypeError: Cannot read property 'ownerStyle' of null", source:  (0)
3월 28, 2020 16:47:51.37 [11768:22236:0328/164751.377:ERROR:CONSOLE(0)] "TypeError: Cannot read property 'ownerStyle' of null", source:  (0)
3월 28, 2020 16:47:51.46 [11768:22236:0328/164751.467:ERROR:CONSOLE(0)] "TypeError: Cannot read property 'ownerStyle' of null", source:  (0)
3월 28, 2020 16:47:52.62 [11768:22236:0328/164752.622:ERROR:CONSOLE(0)] "TypeError: Cannot read property 'ownerStyle' of null", source:  (0)
3월 28, 2020 16:47:53.15 [11768:22236:0328/164753.156:ERROR:CONSOLE(0)] "TypeError: Cannot read property 'ownerStyle' of null", source:  (0)
3월 28, 2020 16:47:54.10 [11768:22236:0328/164754.109:ERROR:CONSOLE(0)] "TypeError: Cannot read property 'ownerStyle' of null", source:  (0)
3월 28, 2020 16:47:54.46 [11768:22236:0328/164754.463:ERROR:CONSOLE(0)] "TypeError: Cannot read property 'ownerStyle' of null", source:  (0)
3월 28, 2020 16:47:54.79 [11768:22236:0328/164754.796:ERROR:CONSOLE(0)] "TypeError: Cannot read property 'ownerStyle' of null", source:  (0)
3월 28, 2020 16:47:54.80 [11768:22236:0328/164754.802:ERROR:CONSOLE(0)] "TypeError: Cannot read property 'ownerStyle' of null", source:  (0)
3월 28, 2020 16:47:55.35 [11768:22236:0328/164755.357:ERROR:CONSOLE(0)] "TypeError: Cannot read property 'ownerStyle' of null", source:  (0)
3월 28, 2020 16:47:55.43 [11768:22236:0328/164755.430:ERROR:CONSOLE(0)] "TypeError: Cannot read property 'ownerStyle' of null", source:  (0)
3월 28, 2020 16:47:55.92 [11768:22236:0328/164755.920:ERROR:CONSOLE(0)] "TypeError: Cannot read property 'ownerStyle' of null", source:  (0)
3월 28, 2020 16:47:56.00 [11768:22236:0328/164756.005:ERROR:CONSOLE(0)] "TypeError: Cannot read property 'ownerStyle' of null", source:  (0)
3월 28, 2020 16:47:56.78 [11768:22236:0328/164756.780:ERROR:CONSOLE(0)] "TypeError: Cannot read property 'ownerStyle' of null", source:  (0)
3월 28, 2020 16:47:56.83 [11768:22236:0328/164756.832:ERROR:CONSOLE(99)] "Uncaught (in promise) TypeError: Cannot read property 'propertyText' of null", source: devtools://devtools/bundled/elements/StylePropertyTreeElement.js (99)
3월 28, 2020 16:47:58.55 [11768:22236:0328/164758.559:ERROR:CONSOLE(214)] "Uncaught TypeError: Cannot read property 'index' of null", source: devtools://devtools/bundled/elements/StylesSidebarPane.js (214)
3월 28, 2020 16:48:00.05 [11768:22236:0328/164800.056:ERROR:CONSOLE(0)] "TypeError: Cannot read property 'ownerStyle' of null", source:  (0)
3월 28, 2020 16:48:00.46 [11768:22236:0328/164800.460:ERROR:CONSOLE(0)] "TypeError: Cannot read property 'ownerStyle' of null", source:  (0)
3월 28, 2020 16:48:01.27 [11768:22236:0328/164801.278:ERROR:CONSOLE(0)] "TypeError: Cannot read property 'ownerStyle' of null", source:  (0)
3월 28, 2020 16:48:01.67 [11768:22236:0328/164801.673:ERROR:CONSOLE(0)] "TypeError: Cannot read property 'ownerStyle' of null", source:  (0)
3월 28, 2020 16:48:02.29 [11768:22236:0328/164802.296:ERROR:CONSOLE(0)] "TypeError: Cannot read property 'ownerStyle' of null", source:  (0)
3월 28, 2020 16:48:02.56 [11768:22236:0328/164802.567:ERROR:CONSOLE(0)] "TypeError: Cannot read property 'ownerStyle' of null", source:  (0)
3월 28, 2020 16:48:02.98 [11768:22236:0328/164802.986:ERROR:CONSOLE(0)] "TypeError: Cannot read property 'ownerStyle' of null", source:  (0)
3월 28, 2020 16:48:03.09 [11768:22236:0328/164803.094:ERROR:CONSOLE(0)] "TypeError: Cannot read property 'ownerStyle' of null", source:  (0)
3월 28, 2020 16:48:03.17 [11768:22236:0328/164803.173:ERROR:CONSOLE(0)] "TypeError: Cannot read property 'ownerStyle' of null", source:  (0)
3월 28, 2020 16:48:03.26 [11768:22236:0328/164803.261:ERROR:CONSOLE(0)] "TypeError: Cannot read property 'ownerStyle' of null", source:  (0)
3월 28, 2020 16:48:03.27 [11768:22236:0328/164803.274:ERROR:CONSOLE(0)] "TypeError: Cannot read property 'ownerStyle' of null", source:  (0)
3월 28, 2020 16:48:03.37 [11768:22236:0328/164803.377:ERROR:CONSOLE(0)] "TypeError: Cannot read property 'ownerStyle' of null", source:  (0)
3월 28, 2020 16:48:03.40 [11768:22236:0328/164803.408:ERROR:CONSOLE(0)] "TypeError: Cannot read property 'ownerStyle' of null", source:  (0)
3월 28, 2020 16:48:03.49 [11768:22236:0328/164803.494:ERROR:CONSOLE(0)] "TypeError: Cannot read property 'ownerStyle' of null", source:  (0)
3월 28, 2020 16:48:03.52 [11768:22236:0328/164803.525:ERROR:CONSOLE(0)] "TypeError: Cannot read property 'ownerStyle' of null", source:  (0)
3월 28, 2020 16:48:03.60 [11768:22236:0328/164803.604:ERROR:CONSOLE(0)] "TypeError: Cannot read property 'ownerStyle' of null", source:  (0)
3월 28, 2020 16:48:03.64 [11768:22236:0328/164803.645:ERROR:CONSOLE(0)] "TypeError: Cannot read property 'ownerStyle' of null", source:  (0)
3월 28, 2020 16:48:03.83 [11768:22236:0328/164803.835:ERROR:CONSOLE(0)] "TypeError: Cannot read property 'ownerStyle' of null", source:  (0)
3월 28, 2020 16:48:04.33 [11768:22236:0328/164804.338:ERROR:CONSOLE(0)] "TypeError: Cannot read property 'ownerStyle' of null", source:  (0)
3월 28, 2020 16:48:04.84 [11768:22236:0328/164804.847:ERROR:CONSOLE(0)] "TypeError: Cannot read property 'ownerStyle' of null", source:  (0)
3월 28, 2020 16:48:05.36 [11768:22236:0328/164805.362:ERROR:CONSOLE(0)] "TypeError: Cannot read property 'ownerStyle' of null", source:  (0)
3월 28, 2020 16:48:05.43 [11768:22236:0328/164805.433:ERROR:CONSOLE(0)] "TypeError: Cannot read property 'ownerStyle' of null", source:  (0)
3월 28, 2020 16:48:05.52 [11768:22236:0328/164805.525:ERROR:CONSOLE(0)] "TypeError: Cannot read property 'ownerStyle' of null", source:  (0)
3월 28, 2020 16:48:05.57 [11768:22236:0328/164805.577:ERROR:CONSOLE(0)] "TypeError: Cannot read property 'ownerStyle' of null", source:  (0)
3월 28, 2020 16:48:05.67 [11768:22236:0328/164805.669:ERROR:CONSOLE(0)] "TypeError: Cannot read property 'ownerStyle' of null", source:  (0)
3월 28, 2020 16:48:05.78 [11768:22236:0328/164805.786:ERROR:CONSOLE(0)] "TypeError: Cannot read property 'ownerStyle' of null", source:  (0)
3월 28, 2020 16:48:05.97 [11768:22236:0328/164805.976:ERROR:CONSOLE(0)] "TypeError: Cannot read property 'ownerStyle' of null", source:  (0)
3월 28, 2020 16:48:06.14 [11768:22236:0328/164806.143:ERROR:CONSOLE(0)] "TypeError: Cannot read property 'ownerStyle' of null", source:  (0)
3월 28, 2020 16:48:06.31 [11768:22236:0328/164806.319:ERROR:CONSOLE(0)] "TypeError: Cannot read property 'ownerStyle' of null", source:  (0)
3월 28, 2020 16:48:06.51 [11768:22236:0328/164806.511:ERROR:CONSOLE(0)] "TypeError: Cannot read property 'ownerStyle' of null", source:  (0)
3월 28, 2020 16:48:06.82 [11768:22236:0328/164806.821:ERROR:CONSOLE(0)] "TypeError: Cannot read property 'ownerStyle' of null", source:  (0)
3월 28, 2020 16:48:07.04 [11768:22236:0328/164807.045:ERROR:CONSOLE(0)] "TypeError: Cannot read property 'ownerStyle' of null", source:  (0)
3월 28, 2020 16:48:07.26 [11768:22236:0328/164807.262:ERROR:CONSOLE(0)] "TypeError: Cannot read property 'ownerStyle' of null", source:  (0)
3월 28, 2020 16:48:07.53 [11768:22236:0328/164807.536:ERROR:CONSOLE(0)] "TypeError: Cannot read property 'ownerStyle' of null", source:  (0)
3월 28, 2020 16:48:07.71 [11768:22236:0328/164807.715:ERROR:CONSOLE(0)] "TypeError: Cannot read property 'ownerStyle' of null", source:  (0)
3월 28, 2020 16:48:08.01 [11768:22236:0328/164808.015:ERROR:CONSOLE(0)] "TypeError: Cannot read property 'ownerStyle' of null", source:  (0)
3월 28, 2020 16:48:08.27 [11768:22236:0328/164808.276:ERROR:CONSOLE(0)] "TypeError: Cannot read property 'ownerStyle' of null", source:  (0)
3월 28, 2020 16:48:08.54 [11768:22236:0328/164808.539:ERROR:CONSOLE(0)] "TypeError: Cannot read property 'ownerStyle' of null", source:  (0)
3월 28, 2020 16:48:08.92 [11768:22236:0328/164808.924:ERROR:CONSOLE(0)] "TypeError: Cannot read property 'ownerStyle' of null", source:  (0)
3월 28, 2020 16:48:09.31 [11768:22236:0328/164809.316:ERROR:CONSOLE(0)] "TypeError: Cannot read property 'ownerStyle' of null", source:  (0)
3월 28, 2020 16:48:10.00 [11768:22236:0328/164810.005:ERROR:CONSOLE(0)] "TypeError: Cannot read property 'ownerStyle' of null", source:  (0)
3월 28, 2020 16:48:10.27 [11768:22236:0328/164810.278:ERROR:CONSOLE(0)] "TypeError: Cannot read property 'ownerStyle' of null", source:  (0)
3월 28, 2020 16:48:10.92 [11768:22236:0328/164810.925:ERROR:CONSOLE(0)] "TypeError: Cannot read property 'ownerStyle' of null", source:  (0)
3월 28, 2020 16:48:11.13 [11768:22236:0328/164811.131:ERROR:CONSOLE(0)] "TypeError: Cannot read property 'ownerStyle' of null", source:  (0)
3월 28, 2020 16:48:11.43 [11768:22236:0328/164811.430:ERROR:CONSOLE(0)] "TypeError: Cannot read property 'ownerStyle' of null", source:  (0)
3월 28, 2020 16:48:11.59 [11768:22236:0328/164811.598:ERROR:CONSOLE(0)] "TypeError: Cannot read property 'ownerStyle' of null", source:  (0)
3월 28, 2020 16:48:11.77 [11768:22236:0328/164811.771:ERROR:CONSOLE(0)] "TypeError: Cannot read property 'ownerStyle' of null", source:  (0)
3월 28, 2020 16:48:11.90 [11768:22236:0328/164811.900:ERROR:CONSOLE(0)] "TypeError: Cannot read property 'ownerStyle' of null", source:  (0)
3월 28, 2020 16:48:12.05 [11768:22236:0328/164812.051:ERROR:CONSOLE(0)] "TypeError: Cannot read property 'ownerStyle' of null", source:  (0)
3월 28, 2020 16:48:12.24 [11768:22236:0328/164812.242:ERROR:CONSOLE(0)] "TypeError: Cannot read property 'ownerStyle' of null", source:  (0)
3월 28, 2020 16:48:12.41 [11768:22236:0328/164812.419:ERROR:CONSOLE(0)] "TypeError: Cannot read property 'ownerStyle' of null", source:  (0)
3월 28, 2020 16:48:12.56 [11768:22236:0328/164812.565:ERROR:CONSOLE(0)] "TypeError: Cannot read property 'ownerStyle' of null", source:  (0)
3월 28, 2020 16:48:13.06 [11768:22236:0328/164813.066:ERROR:CONSOLE(0)] "TypeError: Cannot read property 'ownerStyle' of null", source:  (0)
3월 28, 2020 16:48:13.13 [11768:22236:0328/164813.131:ERROR:CONSOLE(0)] "TypeError: Cannot read property 'ownerStyle' of null", source:  (0)
3월 28, 2020 16:48:13.28 [11768:22236:0328/164813.284:ERROR:CONSOLE(0)] "TypeError: Cannot read property 'ownerStyle' of null", source:  (0)
3월 28, 2020 16:48:13.31 [11768:22236:0328/164813.316:ERROR:CONSOLE(0)] "TypeError: Cannot read property 'ownerStyle' of null", source:  (0)
3월 28, 2020 16:48:13.59 [11768:22236:0328/164813.598:ERROR:CONSOLE(0)] "TypeError: Cannot read property 'ownerStyle' of null", source:  (0)
3월 28, 2020 16:48:13.63 [11768:22236:0328/164813.630:ERROR:CONSOLE(0)] "TypeError: Cannot read property 'ownerStyle' of null", source:  (0)
3월 28, 2020 16:48:13.85 [11768:22236:0328/164813.853:ERROR:CONSOLE(0)] "TypeError: Cannot read property 'ownerStyle' of null", source:  (0)
3월 28, 2020 16:48:13.85 [11768:22236:0328/164813.858:ERROR:CONSOLE(0)] "TypeError: Cannot read property 'ownerStyle' of null", source:  (0)
3월 28, 2020 16:48:14.08 [11768:22236:0328/164814.084:ERROR:CONSOLE(0)] "TypeError: Cannot read property 'ownerStyle' of null", source:  (0)
3월 28, 2020 16:48:14.71 [11768:22236:0328/164814.715:ERROR:CONSOLE(0)] "TypeError: Cannot read property 'ownerStyle' of null", source:  (0)
3월 28, 2020 16:48:14.76 [11768:22236:0328/164814.765:ERROR:CONSOLE(99)] "Uncaught (in promise) TypeError: Cannot read property 'propertyText' of null", source: devtools://devtools/bundled/elements/StylePropertyTreeElement.js (99)
3월 28, 2020 16:48:19.17 [11768:22236:0328/164819.174:ERROR:CONSOLE(0)] "TypeError: Cannot read property 'ownerStyle' of null", source:  (0)
3월 28, 2020 16:48:20.39 [11768:22236:0328/164820.395:ERROR:CONSOLE(0)] "TypeError: Cannot read property 'ownerStyle' of null", source:  (0)
3월 28, 2020 16:48:20.86 [11768:22236:0328/164820.869:ERROR:CONSOLE(0)] "TypeError: Cannot read property 'ownerStyle' of null", source:  (0)
3월 28, 2020 16:48:20.97 [11768:22236:0328/164820.973:ERROR:CONSOLE(58)] "Uncaught (in promise) TypeError: Cannot read property 'ownerStyle' of null", source: devtools://devtools/bundled/elements/StylePropertyTreeElement.js (58)
3월 28, 2020 16:48:21.59 [11768:22236:0328/164821.590:ERROR:CONSOLE(58)] "Uncaught (in promise) TypeError: Cannot read property 'ownerStyle' of null", source: devtools://devtools/bundled/elements/StylePropertyTreeElement.js (58)
3월 28, 2020 16:48:22.30 [11768:22236:0328/164822.301:ERROR:CONSOLE(58)] "Uncaught (in promise) TypeError: Cannot read property 'ownerStyle' of null", source: devtools://devtools/bundled/elements/StylePropertyTreeElement.js (58)
3월 28, 2020 16:48:23.08 [11768:22236:0328/164823.087:ERROR:CONSOLE(58)] "Uncaught (in promise) TypeError: Cannot read property 'ownerStyle' of null", source: devtools://devtools/bundled/elements/StylePropertyTreeElement.js (58)
3월 28, 2020 16:48:23.92 [11768:22236:0328/164823.926:ERROR:CONSOLE(0)] "TypeError: Cannot read property 'ownerStyle' of null", source:  (0)
3월 28, 2020 16:48:25.82 [11768:22236:0328/164825.827:ERROR:CONSOLE(0)] "TypeError: Cannot read property 'ownerStyle' of null", source:  (0)
3월 28, 2020 16:48:26.05 [11768:22236:0328/164826.050:ERROR:CONSOLE(0)] "TypeError: Cannot read property 'ownerStyle' of null", source:  (0)
3월 28, 2020 16:48:27.47 [11768:22236:0328/164827.475:ERROR:CONSOLE(0)] "TypeError: Cannot read property 'ownerStyle' of null", source:  (0)
3월 28, 2020 16:48:28.10 [11768:22236:0328/164828.106:ERROR:CONSOLE(0)] "TypeError: Cannot read property 'ownerStyle' of null", source:  (0)
3월 28, 2020 16:48:28.67 [11768:22236:0328/164828.673:ERROR:CONSOLE(214)] "Uncaught TypeError: Cannot read property 'index' of null", source: devtools://devtools/bundled/elements/StylesSidebarPane.js (214)
3월 28, 2020 16:48:38.17 [11768:22236:0328/164838.179:ERROR:CONSOLE(0)] "TypeError: Cannot read property 'ownerStyle' of null", source:  (0)
3월 28, 2020 16:48:38.33 [11768:22236:0328/164838.330:ERROR:CONSOLE(0)] "TypeError: Cannot read property 'ownerStyle' of null", source:  (0)
3월 28, 2020 16:48:38.53 [11768:22236:0328/164838.535:ERROR:CONSOLE(0)] "TypeError: Cannot read property 'ownerStyle' of null", source:  (0)
3월 28, 2020 16:48:38.73 [11768:22236:0328/164838.733:ERROR:CONSOLE(0)] "TypeError: Cannot read property 'ownerStyle' of null", source:  (0)
3월 28, 2020 16:48:38.91 [11768:22236:0328/164838.916:ERROR:CONSOLE(0)] "TypeError: Cannot read property 'ownerStyle' of null", source:  (0)
3월 28, 2020 16:48:39.08 [11768:22236:0328/164839.088:ERROR:CONSOLE(0)] "TypeError: Cannot read property 'ownerStyle' of null", source:  (0)
3월 28, 2020 16:48:39.53 [11768:22236:0328/164839.536:ERROR:CONSOLE(0)] "TypeError: Cannot read property 'ownerStyle' of null", source:  (0)
3월 28, 2020 16:48:39.70 [11768:22236:0328/164839.707:ERROR:CONSOLE(0)] "TypeError: Cannot read property 'ownerStyle' of null", source:  (0)
3월 28, 2020 16:48:39.87 [11768:22236:0328/164839.877:ERROR:CONSOLE(0)] "TypeError: Cannot read property 'ownerStyle' of null", source:  (0)
3월 28, 2020 16:48:40.09 [11768:22236:0328/164840.096:ERROR:CONSOLE(0)] "TypeError: Cannot read property 'ownerStyle' of null", source:  (0)
3월 28, 2020 16:48:42.20 [11768:22236:0328/164842.206:ERROR:CONSOLE(0)] "TypeError: Cannot read property 'ownerStyle' of null", source:  (0)
3월 28, 2020 16:48:42.21 [11768:22236:0328/164842.206:ERROR:CONSOLE(58)] "Uncaught (in promise) TypeError: Cannot read property 'ownerStyle' of null", source: devtools://devtools/bundled/elements/StylePropertyTreeElement.js (58)
3월 28, 2020 16:48:43.56 [11768:22236:0328/164843.566:ERROR:CONSOLE(52)] "Uncaught TypeError: Cannot read property 'ownerStyle' of null", source: devtools://devtools/bundled/elements/StylesSidebarPane.js (52)
3월 28, 2020 16:48:43.57 [11768:22236:0328/164843.579:ERROR:CONSOLE(52)] "Uncaught TypeError: Cannot read property 'ownerStyle' of null", source: devtools://devtools/bundled/elements/StylesSidebarPane.js (52)
3월 28, 2020 16:48:43.71 [11768:22236:0328/164843.715:ERROR:CONSOLE(99)] "Uncaught TypeError: Cannot read property 'propertyText' of null", source: devtools://devtools/bundled/elements/StylePropertyTreeElement.js (99)
3월 28, 2020 16:48:43.85 [11768:22236:0328/164843.855:ERROR:CONSOLE(52)] "Uncaught TypeError: Cannot read property 'ownerStyle' of null", source: devtools://devtools/bundled/elements/StylesSidebarPane.js (52)
3월 28, 2020 16:48:43.86 [11768:22236:0328/164843.863:ERROR:CONSOLE(52)] "Uncaught TypeError: Cannot read property 'ownerStyle' of null", source: devtools://devtools/bundled/elements/StylesSidebarPane.js (52)
3월 28, 2020 16:48:43.87 [11768:22236:0328/164843.876:ERROR:CONSOLE(52)] "Uncaught TypeError: Cannot read property 'ownerStyle' of null", source: devtools://devtools/bundled/elements/StylesSidebarPane.js (52)
3월 28, 2020 16:48:43.89 [11768:22236:0328/164843.892:ERROR:CONSOLE(52)] "Uncaught TypeError: Cannot read property 'ownerStyle' of null", source: devtools://devtools/bundled/elements/StylesSidebarPane.js (52)
3월 28, 2020 16:48:43.91 [11768:22236:0328/164843.909:ERROR:CONSOLE(52)] "Uncaught TypeError: Cannot read property 'ownerStyle' of null", source: devtools://devtools/bundled/elements/StylesSidebarPane.js (52)
3월 28, 2020 16:48:43.92 [11768:22236:0328/164843.926:ERROR:CONSOLE(52)] "Uncaught TypeError: Cannot read property 'ownerStyle' of null", source: devtools://devtools/bundled/elements/StylesSidebarPane.js (52)
3월 28, 2020 16:48:43.94 [11768:22236:0328/164843.942:ERROR:CONSOLE(52)] "Uncaught TypeError: Cannot read property 'ownerStyle' of null", source: devtools://devtools/bundled/elements/StylesSidebarPane.js (52)
3월 28, 2020 16:48:44.04 [11768:22236:0328/164844.043:ERROR:CONSOLE(52)] "Uncaught TypeError: Cannot read property 'ownerStyle' of null", source: devtools://devtools/bundled/elements/StylesSidebarPane.js (52)
3월 28, 2020 16:48:44.04 [11768:22236:0328/164844.045:ERROR:CONSOLE(99)] "Uncaught TypeError: Cannot read property 'propertyText' of null", source: devtools://devtools/bundled/elements/StylePropertyTreeElement.js (99)
3월 28, 2020 16:48:44.10 [11768:22236:0328/164844.103:ERROR:CONSOLE(52)] "Uncaught TypeError: Cannot read property 'ownerStyle' of null", source: devtools://devtools/bundled/elements/StylesSidebarPane.js (52)
3월 28, 2020 16:48:44.29 [11768:22236:0328/164844.299:ERROR:CONSOLE(52)] "Uncaught TypeError: Cannot read property 'ownerStyle' of null", source: devtools://devtools/bundled/elements/StylesSidebarPane.js (52)
3월 28, 2020 16:48:44.30 [11768:22236:0328/164844.309:ERROR:CONSOLE(52)] "Uncaught TypeError: Cannot read property 'ownerStyle' of null", source: devtools://devtools/bundled/elements/StylesSidebarPane.js (52)
3월 28, 2020 16:48:44.37 [11768:22236:0328/164844.371:ERROR:CONSOLE(52)] "Uncaught TypeError: Cannot read property 'ownerStyle' of null", source: devtools://devtools/bundled/elements/StylesSidebarPane.js (52)
3월 28, 2020 16:48:44.39 [11768:22236:0328/164844.389:ERROR:CONSOLE(99)] "Uncaught TypeError: Cannot read property 'propertyText' of null", source: devtools://devtools/bundled/elements/StylePropertyTreeElement.js (99)
3월 28, 2020 16:48:44.43 [11768:22236:0328/164844.439:ERROR:CONSOLE(52)] "Uncaught TypeError: Cannot read property 'ownerStyle' of null", source: devtools://devtools/bundled/elements/StylesSidebarPane.js (52)
3월 28, 2020 16:48:44.51 [11768:22236:0328/164844.514:ERROR:CONSOLE(52)] "Uncaught TypeError: Cannot read property 'ownerStyle' of null", source: devtools://devtools/bundled/elements/StylesSidebarPane.js (52)
3월 28, 2020 16:48:44.52 [11768:22236:0328/164844.526:ERROR:CONSOLE(52)] "Uncaught TypeError: Cannot read property 'ownerStyle' of null", source: devtools://devtools/bundled/elements/StylesSidebarPane.js (52)
3월 28, 2020 16:48:44.54 [11768:22236:0328/164844.542:ERROR:CONSOLE(52)] "Uncaught TypeError: Cannot read property 'ownerStyle' of null", source: devtools://devtools/bundled/elements/StylesSidebarPane.js (52)
3월 28, 2020 16:48:44.55 [11768:22236:0328/164844.558:ERROR:CONSOLE(52)] "Uncaught TypeError: Cannot read property 'ownerStyle' of null", source: devtools://devtools/bundled/elements/StylesSidebarPane.js (52)
3월 28, 2020 16:48:44.57 [11768:22236:0328/164844.575:ERROR:CONSOLE(52)] "Uncaught TypeError: Cannot read property 'ownerStyle' of null", source: devtools://devtools/bundled/elements/StylesSidebarPane.js (52)
3월 28, 2020 16:48:44.65 [11768:22236:0328/164844.659:ERROR:CONSOLE(52)] "Uncaught TypeError: Cannot read property 'ownerStyle' of null", source: devtools://devtools/bundled/elements/StylesSidebarPane.js (52)
3월 28, 2020 16:48:44.69 [11768:22236:0328/164844.694:ERROR:CONSOLE(214)] "Uncaught TypeError: Cannot read property 'index' of null", source: devtools://devtools/bundled/elements/StylesSidebarPane.js (214)
3월 28, 2020 16:48:44.70 [11768:22236:0328/164844.694:ERROR:CONSOLE(52)] "Uncaught TypeError: Cannot read property 'ownerStyle' of null", source: devtools://devtools/bundled/elements/StylesSidebarPane.js (52)
3월 28, 2020 16:48:44.80 [11768:22236:0328/164844.802:ERROR:CONSOLE(52)] "Uncaught TypeError: Cannot read property 'ownerStyle' of null", source: devtools://devtools/bundled/elements/StylesSidebarPane.js (52)
3월 28, 2020 16:48:44.81 [11768:22236:0328/164844.810:ERROR:CONSOLE(52)] "Uncaught TypeError: Cannot read property 'ownerStyle' of null", source: devtools://devtools/bundled/elements/StylesSidebarPane.js (52)
3월 28, 2020 16:48:44.87 [11768:22236:0328/164844.877:ERROR:CONSOLE(52)] "Uncaught TypeError: Cannot read property 'ownerStyle' of null", source: devtools://devtools/bundled/elements/StylesSidebarPane.js (52)
3월 28, 2020 16:48:44.89 [11768:22236:0328/164844.892:ERROR:CONSOLE(52)] "Uncaught TypeError: Cannot read property 'ownerStyle' of null", source: devtools://devtools/bundled/elements/StylesSidebarPane.js (52)
3월 28, 2020 16:48:45.02 [11768:22236:0328/164845.023:ERROR:CONSOLE(214)] "Uncaught TypeError: Cannot read property 'index' of null", source: devtools://devtools/bundled/elements/StylesSidebarPane.js (214)
3월 28, 2020 16:48:45.16 [11768:22236:0328/164845.162:ERROR:CONSOLE(52)] "Uncaught TypeError: Cannot read property 'ownerStyle' of null", source: devtools://devtools/bundled/elements/StylesSidebarPane.js (52)
3월 28, 2020 16:48:45.17 [11768:22236:0328/164845.175:ERROR:CONSOLE(52)] "Uncaught TypeError: Cannot read property 'ownerStyle' of null", source: devtools://devtools/bundled/elements/StylesSidebarPane.js (52)
3월 28, 2020 16:48:45.19 [11768:22236:0328/164845.192:ERROR:CONSOLE(52)] "Uncaught TypeError: Cannot read property 'ownerStyle' of null", source: devtools://devtools/bundled/elements/StylesSidebarPane.js (52)
3월 28, 2020 16:48:45.20 [11768:22236:0328/164845.208:ERROR:CONSOLE(52)] "Uncaught TypeError: Cannot read property 'ownerStyle' of null", source: devtools://devtools/bundled/elements/StylesSidebarPane.js (52)
3월 28, 2020 16:48:45.30 [11768:22236:0328/164845.305:ERROR:CONSOLE(99)] "Uncaught TypeError: Cannot read property 'propertyText' of null", source: devtools://devtools/bundled/elements/StylePropertyTreeElement.js (99)
3월 28, 2020 16:48:45.47 [11768:22236:0328/164845.471:ERROR:CONSOLE(52)] "Uncaught TypeError: Cannot read property 'ownerStyle' of null", source: devtools://devtools/bundled/elements/StylesSidebarPane.js (52)
3월 28, 2020 16:48:45.47 [11768:22236:0328/164845.476:ERROR:CONSOLE(52)] "Uncaught TypeError: Cannot read property 'ownerStyle' of null", source: devtools://devtools/bundled/elements/StylesSidebarPane.js (52)
3월 28, 2020 16:48:49.05 [11768:22236:0328/164849.055:ERROR:CONSOLE(52)] "Uncaught TypeError: Cannot read property 'ownerStyle' of null", source: devtools://devtools/bundled/elements/StylesSidebarPane.js (52)
3월 28, 2020 16:48:49.06 [11768:22236:0328/164849.069:ERROR:CONSOLE(52)] "Uncaught TypeError: Cannot read property 'ownerStyle' of null", source: devtools://devtools/bundled/elements/StylesSidebarPane.js (52)
3월 28, 2020 16:48:49.08 [11768:22236:0328/164849.079:ERROR:CONSOLE(52)] "Uncaught TypeError: Cannot read property 'ownerStyle' of null", source: devtools://devtools/bundled/elements/StylesSidebarPane.js (52)
3월 28, 2020 16:48:49.12 [11768:22236:0328/164849.121:ERROR:CONSOLE(52)] "Uncaught TypeError: Cannot read property 'ownerStyle' of null", source: devtools://devtools/bundled/elements/StylesSidebarPane.js (52)
3월 28, 2020 16:48:49.12 [11768:22236:0328/164849.128:ERROR:CONSOLE(52)] "Uncaught TypeError: Cannot read property 'ownerStyle' of null", source: devtools://devtools/bundled/elements/StylesSidebarPane.js (52)
3월 28, 2020 16:48:49.37 [11768:22236:0328/164849.372:ERROR:CONSOLE(52)] "Uncaught TypeError: Cannot read property 'ownerStyle' of null", source: devtools://devtools/bundled/elements/StylesSidebarPane.js (52)
3월 28, 2020 16:48:49.38 [11768:22236:0328/164849.388:ERROR:CONSOLE(52)] "Uncaught TypeError: Cannot read property 'ownerStyle' of null", source: devtools://devtools/bundled/elements/StylesSidebarPane.js (52)
3월 28, 2020 16:48:49.40 [11768:22236:0328/164849.407:ERROR:CONSOLE(52)] "Uncaught TypeError: Cannot read property 'ownerStyle' of null", source: devtools://devtools/bundled/elements/StylesSidebarPane.js (52)
3월 28, 2020 16:48:49.42 [11768:22236:0328/164849.422:ERROR:CONSOLE(52)] "Uncaught TypeError: Cannot read property 'ownerStyle' of null", source: devtools://devtools/bundled/elements/StylesSidebarPane.js (52)
3월 28, 2020 16:48:49.63 [11768:22236:0328/164849.632:ERROR:CONSOLE(52)] "Uncaught TypeError: Cannot read property 'ownerStyle' of null", source: devtools://devtools/bundled/elements/StylesSidebarPane.js (52)
3월 28, 2020 16:48:49.63 [11768:22236:0328/164849.639:ERROR:CONSOLE(52)] "Uncaught TypeError: Cannot read property 'ownerStyle' of null", source: devtools://devtools/bundled/elements/StylesSidebarPane.js (52)
3월 28, 2020 16:48:49.65 [11768:22236:0328/164849.654:ERROR:CONSOLE(52)] "Uncaught TypeError: Cannot read property 'ownerStyle' of null", source: devtools://devtools/bundled/elements/StylesSidebarPane.js (52)
3월 28, 2020 16:48:49.70 [11768:22236:0328/164849.704:ERROR:CONSOLE(52)] "Uncaught TypeError: Cannot read property 'ownerStyle' of null", source: devtools://devtools/bundled/elements/StylesSidebarPane.js (52)
3월 28, 2020 16:48:49.72 [11768:22236:0328/164849.721:ERROR:CONSOLE(52)] "Uncaught TypeError: Cannot read property 'ownerStyle' of null", source: devtools://devtools/bundled/elements/StylesSidebarPane.js (52)
3월 28, 2020 16:48:49.73 [11768:22236:0328/164849.738:ERROR:CONSOLE(52)] "Uncaught TypeError: Cannot read property 'ownerStyle' of null", source: devtools://devtools/bundled/elements/StylesSidebarPane.js (52)
3월 28, 2020 16:48:49.81 [11768:22236:0328/164849.810:ERROR:CONSOLE(52)] "Uncaught TypeError: Cannot read property 'ownerStyle' of null", source: devtools://devtools/bundled/elements/StylesSidebarPane.js (52)
3월 28, 2020 16:48:49.85 [11768:22236:0328/164849.850:ERROR:CONSOLE(52)] "Uncaught TypeError: Cannot read property 'ownerStyle' of null", source: devtools://devtools/bundled/elements/StylesSidebarPane.js (52)
3월 28, 2020 16:48:49.85 [11768:22236:0328/164849.857:ERROR:CONSOLE(99)] "Uncaught TypeError: Cannot read property 'propertyText' of null", source: devtools://devtools/bundled/elements/StylePropertyTreeElement.js (99)
3월 28, 2020 16:48:49.91 [11768:22236:0328/164849.913:ERROR:CONSOLE(52)] "Uncaught TypeError: Cannot read property 'ownerStyle' of null", source: devtools://devtools/bundled/elements/StylesSidebarPane.js (52)
3월 28, 2020 16:48:50.04 [11768:22236:0328/164850.049:ERROR:CONSOLE(99)] "Uncaught TypeError: Cannot read property 'propertyText' of null", source: devtools://devtools/bundled/elements/StylePropertyTreeElement.js (99)
3월 28, 2020 16:48:50.33 [11768:22236:0328/164850.331:ERROR:CONSOLE(52)] "Uncaught TypeError: Cannot read property 'ownerStyle' of null", source: devtools://devtools/bundled/elements/StylesSidebarPane.js (52)
3월 28, 2020 16:48:50.35 [11768:22236:0328/164850.351:ERROR:CONSOLE(52)] "Uncaught TypeError: Cannot read property 'ownerStyle' of null", source: devtools://devtools/bundled/elements/StylesSidebarPane.js (52)
3월 28, 2020 16:48:50.35 [11768:22236:0328/164850.358:ERROR:CONSOLE(52)] "Uncaught TypeError: Cannot read property 'ownerStyle' of null", source: devtools://devtools/bundled/elements/StylesSidebarPane.js (52)
3월 28, 2020 16:48:50.40 [11768:22236:0328/164850.404:ERROR:CONSOLE(52)] "Uncaught TypeError: Cannot read property 'ownerStyle' of null", source: devtools://devtools/bundled/elements/StylesSidebarPane.js (52)
3월 28, 2020 16:48:50.41 [11768:22236:0328/164850.419:ERROR:CONSOLE(52)] "Uncaught TypeError: Cannot read property 'ownerStyle' of null", source: devtools://devtools/bundled/elements/StylesSidebarPane.js (52)
3월 28, 2020 16:48:50.46 [11768:22236:0328/164850.464:ERROR:CONSOLE(52)] "Uncaught TypeError: Cannot read property 'ownerStyle' of null", source: devtools://devtools/bundled/elements/StylesSidebarPane.js (52)
3월 28, 2020 16:48:50.54 [11768:22236:0328/164850.546:ERROR:CONSOLE(52)] "Uncaught TypeError: Cannot read property 'ownerStyle' of null", source: devtools://devtools/bundled/elements/StylesSidebarPane.js (52)
3월 28, 2020 16:48:51.00 [11768:22236:0328/164851.000:ERROR:CONSOLE(52)] "Uncaught TypeError: Cannot read property 'ownerStyle' of null", source: devtools://devtools/bundled/elements/StylesSidebarPane.js (52)
3월 28, 2020 16:48:51.00 [11768:22236:0328/164851.004:ERROR:CONSOLE(52)] "Uncaught TypeError: Cannot read property 'ownerStyle' of null", source: devtools://devtools/bundled/elements/StylesSidebarPane.js (52)
3월 28, 2020 16:48:51.01 [11768:22236:0328/164851.019:ERROR:CONSOLE(52)] "Uncaught TypeError: Cannot read property 'ownerStyle' of null", source: devtools://devtools/bundled/elements/StylesSidebarPane.js (52)
3월 28, 2020 16:48:51.03 [11768:22236:0328/164851.036:ERROR:CONSOLE(52)] "Uncaught TypeError: Cannot read property 'ownerStyle' of null", source: devtools://devtools/bundled/elements/StylesSidebarPane.js (52)
3월 28, 2020 16:48:51.05 [11768:22236:0328/164851.052:ERROR:CONSOLE(52)] "Uncaught TypeError: Cannot read property 'ownerStyle' of null", source: devtools://devtools/bundled/elements/StylesSidebarPane.js (52)
3월 28, 2020 16:48:51.06 [11768:22236:0328/164851.069:ERROR:CONSOLE(52)] "Uncaught TypeError: Cannot read property 'ownerStyle' of null", source: devtools://devtools/bundled/elements/StylesSidebarPane.js (52)
3월 28, 2020 16:48:51.08 [11768:22236:0328/164851.086:ERROR:CONSOLE(52)] "Uncaught TypeError: Cannot read property 'ownerStyle' of null", source: devtools://devtools/bundled/elements/StylesSidebarPane.js (52)
3월 28, 2020 16:48:51.10 [11768:22236:0328/164851.102:ERROR:CONSOLE(52)] "Uncaught TypeError: Cannot read property 'ownerStyle' of null", source: devtools://devtools/bundled/elements/StylesSidebarPane.js (52)
3월 28, 2020 16:48:51.11 [11768:22236:0328/164851.119:ERROR:CONSOLE(52)] "Uncaught TypeError: Cannot read property 'ownerStyle' of null", source: devtools://devtools/bundled/elements/StylesSidebarPane.js (52)
3월 28, 2020 16:48:51.13 [11768:22236:0328/164851.137:ERROR:CONSOLE(52)] "Uncaught TypeError: Cannot read property 'ownerStyle' of null", source: devtools://devtools/bundled/elements/StylesSidebarPane.js (52)
3월 28, 2020 16:48:51.15 [11768:22236:0328/164851.153:ERROR:CONSOLE(52)] "Uncaught TypeError: Cannot read property 'ownerStyle' of null", source: devtools://devtools/bundled/elements/StylesSidebarPane.js (52)
3월 28, 2020 16:48:51.85 [11768:22236:0328/164851.852:ERROR:CONSOLE(52)] "Uncaught TypeError: Cannot read property 'ownerStyle' of null", source: devtools://devtools/bundled/elements/StylesSidebarPane.js (52)
3월 28, 2020 16:48:51.86 [11768:22236:0328/164851.869:ERROR:CONSOLE(52)] "Uncaught TypeError: Cannot read property 'ownerStyle' of null", source: devtools://devtools/bundled/elements/StylesSidebarPane.js (52)
3월 28, 2020 16:48:51.88 [11768:22236:0328/164851.886:ERROR:CONSOLE(52)] "Uncaught TypeError: Cannot read property 'ownerStyle' of null", source: devtools://devtools/bundled/elements/StylesSidebarPane.js (52)
3월 28, 2020 16:48:51.90 [11768:22236:0328/164851.903:ERROR:CONSOLE(52)] "Uncaught TypeError: Cannot read property 'ownerStyle' of null", source: devtools://devtools/bundled/elements/StylesSidebarPane.js (52)
3월 28, 2020 16:48:51.91 [11768:22236:0328/164851.918:ERROR:CONSOLE(52)] "Uncaught TypeError: Cannot read property 'ownerStyle' of null", source: devtools://devtools/bundled/elements/StylesSidebarPane.js (52)
3월 28, 2020 16:48:51.93 [11768:22236:0328/164851.935:ERROR:CONSOLE(52)] "Uncaught TypeError: Cannot read property 'ownerStyle' of null", source: devtools://devtools/bundled/elements/StylesSidebarPane.js (52)
3월 28, 2020 16:48:51.95 [11768:22236:0328/164851.952:ERROR:CONSOLE(52)] "Uncaught TypeError: Cannot read property 'ownerStyle' of null", source: devtools://devtools/bundled/elements/StylesSidebarPane.js (52)
3월 28, 2020 16:48:51.96 [11768:22236:0328/164851.968:ERROR:CONSOLE(52)] "Uncaught TypeError: Cannot read property 'ownerStyle' of null", source: devtools://devtools/bundled/elements/StylesSidebarPane.js (52)
3월 28, 2020 16:48:52.36 [11768:22236:0328/164852.362:ERROR:CONSOLE(52)] "Uncaught TypeError: Cannot read property 'ownerStyle' of null", source: devtools://devtools/bundled/elements/StylesSidebarPane.js (52)
3월 28, 2020 16:48:52.36 [11768:22236:0328/164852.369:ERROR:CONSOLE(52)] "Uncaught TypeError: Cannot read property 'ownerStyle' of null", source: devtools://devtools/bundled/elements/StylesSidebarPane.js (52)
3월 28, 2020 16:48:52.38 [11768:22236:0328/164852.385:ERROR:CONSOLE(52)] "Uncaught TypeError: Cannot read property 'ownerStyle' of null", source: devtools://devtools/bundled/elements/StylesSidebarPane.js (52)
3월 28, 2020 16:48:52.39 [11768:22236:0328/164852.397:ERROR:CONSOLE(52)] "Uncaught TypeError: Cannot read property 'ownerStyle' of null", source: devtools://devtools/bundled/elements/StylesSidebarPane.js (52)
3월 28, 2020 16:48:52.40 [11768:22236:0328/164852.404:ERROR:CONSOLE(52)] "Uncaught TypeError: Cannot read property 'ownerStyle' of null", source: devtools://devtools/bundled/elements/StylesSidebarPane.js (52)
3월 28, 2020 16:48:52.91 
3월 28, 2020 16:48:52.91 KLIB_SelfTest return : KLR_OK
3월 28, 2020 17:24:43.46 [20700:2652:0328/172443.466:ERROR:connection_factory_impl.cc(420)] Failed to connect to MCS endpoint with error -118
3월 28, 2020 17:49:54.90 
3월 28, 2020 17:49:54.91 KLIB_SelfTest return : KLR_OK

4월 01, 2020 24:48:16.53 NEW SESSION
4월 01, 2020 24:48:16.53 
4월 01, 2020 24:48:16.54 KLIB_SelfTest return : KLR_OK

4월 04, 2020 13:50:13.27 NEW SESSION
4월 04, 2020 13:50:13.27 
4월 04, 2020 13:50:13.28 KLIB_SelfTest return : KLR_OK
4월 04, 2020 13:53:38.81 
4월 04, 2020 13:53:38.81 KLIB_SelfTest return : KLR_OK
4월 04, 2020 13:55:55.95 
4월 04, 2020 13:55:55.96 KLIB_SelfTest return : KLR_OK
